"QUERY PLAN"
"Unique  (cost=2194.93..2199.28 rows=200 width=22) (actual time=7.001..7.141 rows=1004 loops=1)"
"  ->  Sort  (cost=2194.93..2197.11 rows=871 width=22) (actual time=6.999..7.037 rows=1088 loops=1)"
"        Sort Key: mission.target_city, (count(mission.air_force)) DESC"
"        Sort Method: quicksort  Memory: 99kB"
"        ->  HashAggregate  (cost=2143.69..2152.40 rows=871 width=22) (actual time=3.472..3.584 rows=1088 loops=1)"
"              Group Key: mission.target_city, mission.air_force"
"              Batches: 1  Memory Usage: 193kB"
"              ->  Bitmap Heap Scan on mission  (cost=19.33..2137.00 rows=891 width=14) (actual time=0.337..1.156 rows=6051 loops=1)"
"                    Recheck Cond: (EXTRACT(year FROM mission_date) = '1942'::numeric)"
"                    Heap Blocks: exact=206"
"                    ->  Bitmap Index Scan on index_mission_date  (cost=0.00..19.10 rows=891 width=0) (actual time=0.312..0.312 rows=6051 loops=1)"
"                          Index Cond: (EXTRACT(year FROM mission_date) = '1942'::numeric)"
"Planning Time: 0.370 ms"
"Execution Time: 7.256 ms"
