"QUERY PLAN"
"Unique  (cost=5982.70..6115.76 rows=200 width=22) (actual time=129.692..134.833 rows=1004 loops=1)"
"  ->  Incremental Sort  (cost=5982.70..6113.58 rows=871 width=22) (actual time=129.692..134.691 rows=1088 loops=1)"
"        Sort Key: mission.target_city, (count(mission.air_force)) DESC"
"        Presorted Key: mission.target_city"
"        Full-sort Groups: 34  Sort Method: quicksort  Average Memory: 26kB  Peak Memory: 26kB"
"        ->  Finalize GroupAggregate  (cost=5982.11..6089.45 rows=871 width=22) (actual time=129.597..133.686 rows=1088 loops=1)"
"              Group Key: mission.target_city, mission.air_force"
"              ->  Gather Merge  (cost=5982.11..6075.18 rows=742 width=22) (actual time=129.585..133.142 rows=1220 loops=1)"
"                    Workers Planned: 2"
"                    Workers Launched: 2"
"                    ->  Partial GroupAggregate  (cost=4982.09..4989.51 rows=371 width=22) (actual time=14.708..15.228 rows=407 loops=3)"
"                          Group Key: mission.target_city, mission.air_force"
"                          ->  Sort  (cost=4982.09..4983.02 rows=371 width=14) (actual time=14.701..14.816 rows=2017 loops=3)"
"                                Sort Key: mission.target_city, mission.air_force"
"                                Sort Method: quicksort  Memory: 373kB"
"                                Worker 0:  Sort Method: quicksort  Memory: 25kB"
"                                Worker 1:  Sort Method: quicksort  Memory: 47kB"
"                                ->  Parallel Seq Scan on mission  (cost=0.00..4966.26 rows=371 width=14) (actual time=6.364..10.118 rows=2017 loops=3)"
"                                      Filter: (EXTRACT(year FROM mission_date) = '1942'::numeric)"
"                                      Rows Removed by Filter: 57410"
"Planning Time: 0.235 ms"
"Execution Time: 134.959 ms"
