"QUERY PLAN"
"Limit  (cost=473.45..473.45 rows=1 width=65) (actual time=0.171..0.172 rows=1 loops=1)"
"  ->  Sort  (cost=473.45..473.55 rows=41 width=65) (actual time=0.171..0.171 rows=1 loops=1)"
"        Sort Key: (count(bomb_damage_assessment)) DESC"
"        Sort Method: top-N heapsort  Memory: 25kB"
"        ->  GroupAggregate  (cost=472.32..473.25 rows=41 width=65) (actual time=0.156..0.166 rows=21 loops=1)"
"              Group Key: target_country, bomb_damage_assessment"
"              ->  Sort  (cost=472.32..472.43 rows=41 width=49) (actual time=0.153..0.154 rows=32 loops=1)"
"                    Sort Key: target_country, bomb_damage_assessment"
"                    Sort Method: quicksort  Memory: 26kB"
"                    ->  Bitmap Heap Scan on mission  (cost=5.33..471.23 rows=41 width=49) (actual time=0.038..0.091 rows=32 loops=1)"
"                          Recheck Cond: (bomb_damage_assessment IS NOT NULL)"
"                          Filter: (airborne_aircraft > '5'::numeric)"
"                          Rows Removed by Filter: 72"
"                          Heap Blocks: exact=53"
"                          ->  Bitmap Index Scan on index_bomb_damage_assessment  (cost=0.00..5.32 rows=137 width=0) (actual time=0.021..0.021 rows=104 loops=1)"
"                                Index Cond: (bomb_damage_assessment IS NOT NULL)"
"Planning Time: 0.338 ms"
"Execution Time: 0.195 ms"
