"QUERY PLAN"
"Limit  (cost=5786.18..5786.18 rows=1 width=65) (actual time=130.018..133.595 rows=1 loops=1)"
"  ->  Sort  (cost=5786.18..5786.28 rows=41 width=65) (actual time=130.017..133.593 rows=1 loops=1)"
"        Sort Key: (count(bomb_damage_assessment)) DESC"
"        Sort Method: top-N heapsort  Memory: 25kB"
"        ->  Finalize GroupAggregate  (cost=5780.92..5785.98 rows=41 width=65) (actual time=129.967..133.577 rows=21 loops=1)"
"              Group Key: target_country, bomb_damage_assessment"
"              ->  Gather Merge  (cost=5780.92..5785.23 rows=34 width=65) (actual time=129.953..133.555 rows=24 loops=1)"
"                    Workers Planned: 2"
"                    Workers Launched: 2"
"                    ->  Partial GroupAggregate  (cost=4780.89..4781.28 rows=17 width=65) (actual time=11.139..11.147 rows=8 loops=3)"
"                          Group Key: target_country, bomb_damage_assessment"
"                          ->  Sort  (cost=4780.89..4780.94 rows=17 width=49) (actual time=11.133..11.134 rows=11 loops=3)"
"                                Sort Key: target_country, bomb_damage_assessment"
"                                Sort Method: quicksort  Memory: 26kB"
"                                Worker 0:  Sort Method: quicksort  Memory: 25kB"
"                                Worker 1:  Sort Method: quicksort  Memory: 25kB"
"                                ->  Parallel Seq Scan on mission  (cost=0.00..4780.55 rows=17 width=49) (actual time=7.185..11.055 rows=11 loops=3)"
"                                      Filter: ((bomb_damage_assessment IS NOT NULL) AND (airborne_aircraft > '5'::numeric))"
"                                      Rows Removed by Filter: 59416"
"Planning Time: 0.305 ms"
"Execution Time: 133.648 ms"
